<?xml version="1.0" encoding="UTF-8"?>
<testsuite xmlns:xsi="http://www.w3.org/2001/XMLSchema-instance" xsi:noNamespaceSchemaLocation="https://maven.apache.org/surefire/maven-surefire-plugin/xsd/surefire-test-report.xsd" name="Test.AutomationTest.Runner.TestRunner" time="55.435" tests="16" errors="0" skipped="0" failures="0">
  <properties>
    <property name="gopherProxySet" value="false"/>
    <property name="awt.toolkit" value="sun.lwawt.macosx.LWCToolkit"/>
    <property name="file.encoding.pkg" value="sun.io"/>
    <property name="java.specification.version" value="1.8"/>
    <property name="sun.cpu.isalist" value=""/>
    <property name="sun.jnu.encoding" value="UTF-8"/>
    <property name="java.class.path" value="/Users/harpreet.tatla/Documents/Test_AutomationTest/AutomationTest/target/test-classes:/Users/harpreet.tatla/Documents/Test_AutomationTest/AutomationTest/target/classes:/Users/harpreet.tatla/.m2/repository/junit/junit/4.12/junit-4.12.jar:/Users/harpreet.tatla/.m2/repository/org/hamcrest/hamcrest-core/1.3/hamcrest-core-1.3.jar:/Users/harpreet.tatla/.m2/repository/io/appium/java-client/5.0.4/java-client-5.0.4.jar:/Users/harpreet.tatla/.m2/repository/org/seleniumhq/selenium/selenium-support/3.6.0/selenium-support-3.6.0.jar:/Users/harpreet.tatla/.m2/repository/net/java/dev/jna/jna/4.1.0/jna-4.1.0.jar:/Users/harpreet.tatla/.m2/repository/net/java/dev/jna/jna-platform/4.1.0/jna-platform-4.1.0.jar:/Users/harpreet.tatla/.m2/repository/org/seleniumhq/selenium/selenium-api/3.6.0/selenium-api-3.6.0.jar:/Users/harpreet.tatla/.m2/repository/com/google/code/gson/gson/2.8.2/gson-2.8.2.jar:/Users/harpreet.tatla/.m2/repository/org/apache/httpcomponents/httpclient/4.5.3/httpclient-4.5.3.jar:/Users/harpreet.tatla/.m2/repository/cglib/cglib/3.2.5/cglib-3.2.5.jar:/Users/harpreet.tatla/.m2/repository/org/ow2/asm/asm/5.2/asm-5.2.jar:/Users/harpreet.tatla/.m2/repository/org/apache/ant/ant/1.9.6/ant-1.9.6.jar:/Users/harpreet.tatla/.m2/repository/org/apache/ant/ant-launcher/1.9.6/ant-launcher-1.9.6.jar:/Users/harpreet.tatla/.m2/repository/commons-validator/commons-validator/1.6/commons-validator-1.6.jar:/Users/harpreet.tatla/.m2/repository/commons-beanutils/commons-beanutils/1.9.2/commons-beanutils-1.9.2.jar:/Users/harpreet.tatla/.m2/repository/commons-digester/commons-digester/1.8.1/commons-digester-1.8.1.jar:/Users/harpreet.tatla/.m2/repository/commons-collections/commons-collections/3.2.2/commons-collections-3.2.2.jar:/Users/harpreet.tatla/.m2/repository/org/apache/commons/commons-lang3/3.6/commons-lang3-3.6.jar:/Users/harpreet.tatla/.m2/repository/commons-io/commons-io/2.5/commons-io-2.5.jar:/Users/harpreet.tatla/.m2/repository/org/springframework/spring-context/5.0.0.RELEASE/spring-context-5.0.0.RELEASE.jar:/Users/harpreet.tatla/.m2/repository/org/springframework/spring-aop/5.0.0.RELEASE/spring-aop-5.0.0.RELEASE.jar:/Users/harpreet.tatla/.m2/repository/org/springframework/spring-beans/5.0.0.RELEASE/spring-beans-5.0.0.RELEASE.jar:/Users/harpreet.tatla/.m2/repository/org/springframework/spring-core/5.0.0.RELEASE/spring-core-5.0.0.RELEASE.jar:/Users/harpreet.tatla/.m2/repository/org/springframework/spring-jcl/5.0.0.RELEASE/spring-jcl-5.0.0.RELEASE.jar:/Users/harpreet.tatla/.m2/repository/org/springframework/spring-expression/5.0.0.RELEASE/spring-expression-5.0.0.RELEASE.jar:/Users/harpreet.tatla/.m2/repository/org/aspectj/aspectjweaver/1.8.11/aspectjweaver-1.8.11.jar:/Users/harpreet.tatla/.m2/repository/org/openpnp/opencv/3.2.0-1/opencv-3.2.0-1.jar:/Users/harpreet.tatla/.m2/repository/org/seleniumhq/selenium/selenium-server/3.8.0/selenium-server-3.8.0.jar:/Users/harpreet.tatla/.m2/repository/org/seleniumhq/selenium/selenium-chrome-driver/3.8.0/selenium-chrome-driver-3.8.0.jar:/Users/harpreet.tatla/.m2/repository/org/seleniumhq/selenium/selenium-edge-driver/3.8.0/selenium-edge-driver-3.8.0.jar:/Users/harpreet.tatla/.m2/repository/org/seleniumhq/selenium/selenium-firefox-driver/3.8.0/selenium-firefox-driver-3.8.0.jar:/Users/harpreet.tatla/.m2/repository/org/seleniumhq/selenium/selenium-ie-driver/3.8.0/selenium-ie-driver-3.8.0.jar:/Users/harpreet.tatla/.m2/repository/org/seleniumhq/selenium/selenium-opera-driver/3.8.0/selenium-opera-driver-3.8.0.jar:/Users/harpreet.tatla/.m2/repository/org/seleniumhq/selenium/selenium-remote-driver/3.8.0/selenium-remote-driver-3.8.0.jar:/Users/harpreet.tatla/.m2/repository/org/seleniumhq/selenium/selenium-safari-driver/3.8.0/selenium-safari-driver-3.8.0.jar:/Users/harpreet.tatla/.m2/repository/com/beust/jcommander/1.48/jcommander-1.48.jar:/Users/harpreet.tatla/.m2/repository/net/bytebuddy/byte-buddy/1.7.5/byte-buddy-1.7.5.jar:/Users/harpreet.tatla/.m2/repository/org/apache/commons/commons-exec/1.3/commons-exec-1.3.jar:/Users/harpreet.tatla/.m2/repository/org/apache/commons/commons-text/1.1/commons-text-1.1.jar:/Users/harpreet.tatla/.m2/repository/commons-codec/commons-codec/1.10/commons-codec-1.10.jar:/Users/harpreet.tatla/.m2/repository/commons-logging/commons-logging/1.2/commons-logging-1.2.jar:/Users/harpreet.tatla/.m2/repository/commons-net/commons-net/3.6/commons-net-3.6.jar:/Users/harpreet.tatla/.m2/repository/org/w3c/css/sac/1.3/sac-1.3.jar:/Users/harpreet.tatla/.m2/repository/net/sourceforge/cssparser/cssparser/0.9.24/cssparser-0.9.24.jar:/Users/harpreet.tatla/.m2/repository/com/google/guava/guava/23.0/guava-23.0.jar:/Users/harpreet.tatla/.m2/repository/com/google/code/findbugs/jsr305/1.3.9/jsr305-1.3.9.jar:/Users/harpreet.tatla/.m2/repository/com/google/errorprone/error_prone_annotations/2.0.18/error_prone_annotations-2.0.18.jar:/Users/harpreet.tatla/.m2/repository/com/google/j2objc/j2objc-annotations/1.1/j2objc-annotations-1.1.jar:/Users/harpreet.tatla/.m2/repository/org/codehaus/mojo/animal-sniffer-annotations/1.14/animal-sniffer-annotations-1.14.jar:/Users/harpreet.tatla/.m2/repository/net/sourceforge/htmlunit/htmlunit/2.28/htmlunit-2.28.jar:/Users/harpreet.tatla/.m2/repository/net/sourceforge/htmlunit/htmlunit-core-js/2.28/htmlunit-core-js-2.28.jar:/Users/harpreet.tatla/.m2/repository/net/sourceforge/htmlunit/neko-htmlunit/2.28/neko-htmlunit-2.28.jar:/Users/harpreet.tatla/.m2/repository/org/apache/httpcomponents/httpcore/4.4.6/httpcore-4.4.6.jar:/Users/harpreet.tatla/.m2/repository/org/apache/httpcomponents/httpmime/4.5.3/httpmime-4.5.3.jar:/Users/harpreet.tatla/.m2/repository/net/jcip/jcip-annotations/1.0/jcip-annotations-1.0.jar:/Users/harpreet.tatla/.m2/repository/org/seleniumhq/selenium/jetty-repacked/9.4.7.v20170914/jetty-repacked-9.4.7.v20170914.jar:/Users/harpreet.tatla/.m2/repository/org/eclipse/jetty/jetty-client/9.4.7.v20170914/jetty-client-9.4.7.v20170914.jar:/Users/harpreet.tatla/.m2/repository/org/eclipse/jetty/jetty-http/9.4.7.v20170914/jetty-http-9.4.7.v20170914.jar:/Users/harpreet.tatla/.m2/repository/org/eclipse/jetty/jetty-io/9.4.7.v20170914/jetty-io-9.4.7.v20170914.jar:/Users/harpreet.tatla/.m2/repository/org/eclipse/jetty/jetty-util/9.4.7.v20170914/jetty-util-9.4.7.v20170914.jar:/Users/harpreet.tatla/.m2/repository/org/eclipse/jetty/jetty-xml/9.4.7.v20170914/jetty-xml-9.4.7.v20170914.jar:/Users/harpreet.tatla/.m2/repository/org/seleniumhq/selenium/htmlunit-driver/2.28/htmlunit-driver-2.28.jar:/Users/harpreet.tatla/.m2/repository/javax/servlet/javax.servlet-api/3.1.0/javax.servlet-api-3.1.0.jar:/Users/harpreet.tatla/.m2/repository/org/eclipse/jetty/websocket/websocket-api/9.4.7.v20170914/websocket-api-9.4.7.v20170914.jar:/Users/harpreet.tatla/.m2/repository/org/eclipse/jetty/websocket/websocket-client/9.4.7.v20170914/websocket-client-9.4.7.v20170914.jar:/Users/harpreet.tatla/.m2/repository/org/eclipse/jetty/websocket/websocket-common/9.4.7.v20170914/websocket-common-9.4.7.v20170914.jar:/Users/harpreet.tatla/.m2/repository/xalan/serializer/2.7.2/serializer-2.7.2.jar:/Users/harpreet.tatla/.m2/repository/xalan/xalan/2.7.2/xalan-2.7.2.jar:/Users/harpreet.tatla/.m2/repository/xerces/xercesImpl/2.11.0/xercesImpl-2.11.0.jar:/Users/harpreet.tatla/.m2/repository/xml-apis/xml-apis/1.4.01/xml-apis-1.4.01.jar:/Users/harpreet.tatla/.m2/repository/org/yaml/snakeyaml/1.15/snakeyaml-1.15.jar:/Users/harpreet.tatla/.m2/repository/org/seleniumhq/selenium/selenium-java/3.9.1/selenium-java-3.9.1.jar:/Users/harpreet.tatla/.m2/repository/com/squareup/okhttp3/okhttp/3.9.1/okhttp-3.9.1.jar:/Users/harpreet.tatla/.m2/repository/com/squareup/okio/okio/1.13.0/okio-1.13.0.jar:/Users/harpreet.tatla/.m2/repository/info/cukes/cucumber-junit/1.2.5/cucumber-junit-1.2.5.jar:/Users/harpreet.tatla/.m2/repository/info/cukes/cucumber-core/1.2.5/cucumber-core-1.2.5.jar:/Users/harpreet.tatla/.m2/repository/info/cukes/cucumber-html/0.2.3/cucumber-html-0.2.3.jar:/Users/harpreet.tatla/.m2/repository/info/cukes/gherkin/2.12.2/gherkin-2.12.2.jar:/Users/harpreet.tatla/.m2/repository/info/cukes/cucumber-jvm-deps/1.0.5/cucumber-jvm-deps-1.0.5.jar:/Users/harpreet.tatla/.m2/repository/info/cukes/cucumber-java/1.2.5/cucumber-java-1.2.5.jar:"/>
    <property name="java.vm.vendor" value="Oracle Corporation"/>
    <property name="sun.arch.data.model" value="64"/>
    <property name="java.vendor.url" value="http://java.oracle.com/"/>
    <property name="user.timezone" value=""/>
    <property name="java.vm.specification.version" value="1.8"/>
    <property name="os.name" value="Mac OS X"/>
    <property name="user.country" value="GB"/>
    <property name="sun.java.launcher" value="SUN_STANDARD"/>
    <property name="sun.boot.library.path" value="/Library/Java/JavaVirtualMachines/jdk1.8.0_112.jdk/Contents/Home/jre/lib"/>
    <property name="sun.java.command" value="/Users/harpreet.tatla/Documents/Test_AutomationTest/AutomationTest/target/surefire/surefirebooter7018862832812105031.jar /Users/harpreet.tatla/Documents/Test_AutomationTest/AutomationTest/target/surefire 2018-07-23T14-45-40_103-jvmRun1 surefire6069766589825629044tmp surefire_02716868340203589287tmp"/>
    <property name="http.nonProxyHosts" value="local|*.local|169.254/16|*.169.254/16"/>
    <property name="surefire.test.class.path" value="/Users/harpreet.tatla/Documents/Test_AutomationTest/AutomationTest/target/test-classes:/Users/harpreet.tatla/Documents/Test_AutomationTest/AutomationTest/target/classes:/Users/harpreet.tatla/.m2/repository/junit/junit/4.12/junit-4.12.jar:/Users/harpreet.tatla/.m2/repository/org/hamcrest/hamcrest-core/1.3/hamcrest-core-1.3.jar:/Users/harpreet.tatla/.m2/repository/io/appium/java-client/5.0.4/java-client-5.0.4.jar:/Users/harpreet.tatla/.m2/repository/org/seleniumhq/selenium/selenium-support/3.6.0/selenium-support-3.6.0.jar:/Users/harpreet.tatla/.m2/repository/net/java/dev/jna/jna/4.1.0/jna-4.1.0.jar:/Users/harpreet.tatla/.m2/repository/net/java/dev/jna/jna-platform/4.1.0/jna-platform-4.1.0.jar:/Users/harpreet.tatla/.m2/repository/org/seleniumhq/selenium/selenium-api/3.6.0/selenium-api-3.6.0.jar:/Users/harpreet.tatla/.m2/repository/com/google/code/gson/gson/2.8.2/gson-2.8.2.jar:/Users/harpreet.tatla/.m2/repository/org/apache/httpcomponents/httpclient/4.5.3/httpclient-4.5.3.jar:/Users/harpreet.tatla/.m2/repository/cglib/cglib/3.2.5/cglib-3.2.5.jar:/Users/harpreet.tatla/.m2/repository/org/ow2/asm/asm/5.2/asm-5.2.jar:/Users/harpreet.tatla/.m2/repository/org/apache/ant/ant/1.9.6/ant-1.9.6.jar:/Users/harpreet.tatla/.m2/repository/org/apache/ant/ant-launcher/1.9.6/ant-launcher-1.9.6.jar:/Users/harpreet.tatla/.m2/repository/commons-validator/commons-validator/1.6/commons-validator-1.6.jar:/Users/harpreet.tatla/.m2/repository/commons-beanutils/commons-beanutils/1.9.2/commons-beanutils-1.9.2.jar:/Users/harpreet.tatla/.m2/repository/commons-digester/commons-digester/1.8.1/commons-digester-1.8.1.jar:/Users/harpreet.tatla/.m2/repository/commons-collections/commons-collections/3.2.2/commons-collections-3.2.2.jar:/Users/harpreet.tatla/.m2/repository/org/apache/commons/commons-lang3/3.6/commons-lang3-3.6.jar:/Users/harpreet.tatla/.m2/repository/commons-io/commons-io/2.5/commons-io-2.5.jar:/Users/harpreet.tatla/.m2/repository/org/springframework/spring-context/5.0.0.RELEASE/spring-context-5.0.0.RELEASE.jar:/Users/harpreet.tatla/.m2/repository/org/springframework/spring-aop/5.0.0.RELEASE/spring-aop-5.0.0.RELEASE.jar:/Users/harpreet.tatla/.m2/repository/org/springframework/spring-beans/5.0.0.RELEASE/spring-beans-5.0.0.RELEASE.jar:/Users/harpreet.tatla/.m2/repository/org/springframework/spring-core/5.0.0.RELEASE/spring-core-5.0.0.RELEASE.jar:/Users/harpreet.tatla/.m2/repository/org/springframework/spring-jcl/5.0.0.RELEASE/spring-jcl-5.0.0.RELEASE.jar:/Users/harpreet.tatla/.m2/repository/org/springframework/spring-expression/5.0.0.RELEASE/spring-expression-5.0.0.RELEASE.jar:/Users/harpreet.tatla/.m2/repository/org/aspectj/aspectjweaver/1.8.11/aspectjweaver-1.8.11.jar:/Users/harpreet.tatla/.m2/repository/org/openpnp/opencv/3.2.0-1/opencv-3.2.0-1.jar:/Users/harpreet.tatla/.m2/repository/org/seleniumhq/selenium/selenium-server/3.8.0/selenium-server-3.8.0.jar:/Users/harpreet.tatla/.m2/repository/org/seleniumhq/selenium/selenium-chrome-driver/3.8.0/selenium-chrome-driver-3.8.0.jar:/Users/harpreet.tatla/.m2/repository/org/seleniumhq/selenium/selenium-edge-driver/3.8.0/selenium-edge-driver-3.8.0.jar:/Users/harpreet.tatla/.m2/repository/org/seleniumhq/selenium/selenium-firefox-driver/3.8.0/selenium-firefox-driver-3.8.0.jar:/Users/harpreet.tatla/.m2/repository/org/seleniumhq/selenium/selenium-ie-driver/3.8.0/selenium-ie-driver-3.8.0.jar:/Users/harpreet.tatla/.m2/repository/org/seleniumhq/selenium/selenium-opera-driver/3.8.0/selenium-opera-driver-3.8.0.jar:/Users/harpreet.tatla/.m2/repository/org/seleniumhq/selenium/selenium-remote-driver/3.8.0/selenium-remote-driver-3.8.0.jar:/Users/harpreet.tatla/.m2/repository/org/seleniumhq/selenium/selenium-safari-driver/3.8.0/selenium-safari-driver-3.8.0.jar:/Users/harpreet.tatla/.m2/repository/com/beust/jcommander/1.48/jcommander-1.48.jar:/Users/harpreet.tatla/.m2/repository/net/bytebuddy/byte-buddy/1.7.5/byte-buddy-1.7.5.jar:/Users/harpreet.tatla/.m2/repository/org/apache/commons/commons-exec/1.3/commons-exec-1.3.jar:/Users/harpreet.tatla/.m2/repository/org/apache/commons/commons-text/1.1/commons-text-1.1.jar:/Users/harpreet.tatla/.m2/repository/commons-codec/commons-codec/1.10/commons-codec-1.10.jar:/Users/harpreet.tatla/.m2/repository/commons-logging/commons-logging/1.2/commons-logging-1.2.jar:/Users/harpreet.tatla/.m2/repository/commons-net/commons-net/3.6/commons-net-3.6.jar:/Users/harpreet.tatla/.m2/repository/org/w3c/css/sac/1.3/sac-1.3.jar:/Users/harpreet.tatla/.m2/repository/net/sourceforge/cssparser/cssparser/0.9.24/cssparser-0.9.24.jar:/Users/harpreet.tatla/.m2/repository/com/google/guava/guava/23.0/guava-23.0.jar:/Users/harpreet.tatla/.m2/repository/com/google/code/findbugs/jsr305/1.3.9/jsr305-1.3.9.jar:/Users/harpreet.tatla/.m2/repository/com/google/errorprone/error_prone_annotations/2.0.18/error_prone_annotations-2.0.18.jar:/Users/harpreet.tatla/.m2/repository/com/google/j2objc/j2objc-annotations/1.1/j2objc-annotations-1.1.jar:/Users/harpreet.tatla/.m2/repository/org/codehaus/mojo/animal-sniffer-annotations/1.14/animal-sniffer-annotations-1.14.jar:/Users/harpreet.tatla/.m2/repository/net/sourceforge/htmlunit/htmlunit/2.28/htmlunit-2.28.jar:/Users/harpreet.tatla/.m2/repository/net/sourceforge/htmlunit/htmlunit-core-js/2.28/htmlunit-core-js-2.28.jar:/Users/harpreet.tatla/.m2/repository/net/sourceforge/htmlunit/neko-htmlunit/2.28/neko-htmlunit-2.28.jar:/Users/harpreet.tatla/.m2/repository/org/apache/httpcomponents/httpcore/4.4.6/httpcore-4.4.6.jar:/Users/harpreet.tatla/.m2/repository/org/apache/httpcomponents/httpmime/4.5.3/httpmime-4.5.3.jar:/Users/harpreet.tatla/.m2/repository/net/jcip/jcip-annotations/1.0/jcip-annotations-1.0.jar:/Users/harpreet.tatla/.m2/repository/org/seleniumhq/selenium/jetty-repacked/9.4.7.v20170914/jetty-repacked-9.4.7.v20170914.jar:/Users/harpreet.tatla/.m2/repository/org/eclipse/jetty/jetty-client/9.4.7.v20170914/jetty-client-9.4.7.v20170914.jar:/Users/harpreet.tatla/.m2/repository/org/eclipse/jetty/jetty-http/9.4.7.v20170914/jetty-http-9.4.7.v20170914.jar:/Users/harpreet.tatla/.m2/repository/org/eclipse/jetty/jetty-io/9.4.7.v20170914/jetty-io-9.4.7.v20170914.jar:/Users/harpreet.tatla/.m2/repository/org/eclipse/jetty/jetty-util/9.4.7.v20170914/jetty-util-9.4.7.v20170914.jar:/Users/harpreet.tatla/.m2/repository/org/eclipse/jetty/jetty-xml/9.4.7.v20170914/jetty-xml-9.4.7.v20170914.jar:/Users/harpreet.tatla/.m2/repository/org/seleniumhq/selenium/htmlunit-driver/2.28/htmlunit-driver-2.28.jar:/Users/harpreet.tatla/.m2/repository/javax/servlet/javax.servlet-api/3.1.0/javax.servlet-api-3.1.0.jar:/Users/harpreet.tatla/.m2/repository/org/eclipse/jetty/websocket/websocket-api/9.4.7.v20170914/websocket-api-9.4.7.v20170914.jar:/Users/harpreet.tatla/.m2/repository/org/eclipse/jetty/websocket/websocket-client/9.4.7.v20170914/websocket-client-9.4.7.v20170914.jar:/Users/harpreet.tatla/.m2/repository/org/eclipse/jetty/websocket/websocket-common/9.4.7.v20170914/websocket-common-9.4.7.v20170914.jar:/Users/harpreet.tatla/.m2/repository/xalan/serializer/2.7.2/serializer-2.7.2.jar:/Users/harpreet.tatla/.m2/repository/xalan/xalan/2.7.2/xalan-2.7.2.jar:/Users/harpreet.tatla/.m2/repository/xerces/xercesImpl/2.11.0/xercesImpl-2.11.0.jar:/Users/harpreet.tatla/.m2/repository/xml-apis/xml-apis/1.4.01/xml-apis-1.4.01.jar:/Users/harpreet.tatla/.m2/repository/org/yaml/snakeyaml/1.15/snakeyaml-1.15.jar:/Users/harpreet.tatla/.m2/repository/org/seleniumhq/selenium/selenium-java/3.9.1/selenium-java-3.9.1.jar:/Users/harpreet.tatla/.m2/repository/com/squareup/okhttp3/okhttp/3.9.1/okhttp-3.9.1.jar:/Users/harpreet.tatla/.m2/repository/com/squareup/okio/okio/1.13.0/okio-1.13.0.jar:/Users/harpreet.tatla/.m2/repository/info/cukes/cucumber-junit/1.2.5/cucumber-junit-1.2.5.jar:/Users/harpreet.tatla/.m2/repository/info/cukes/cucumber-core/1.2.5/cucumber-core-1.2.5.jar:/Users/harpreet.tatla/.m2/repository/info/cukes/cucumber-html/0.2.3/cucumber-html-0.2.3.jar:/Users/harpreet.tatla/.m2/repository/info/cukes/gherkin/2.12.2/gherkin-2.12.2.jar:/Users/harpreet.tatla/.m2/repository/info/cukes/cucumber-jvm-deps/1.0.5/cucumber-jvm-deps-1.0.5.jar:/Users/harpreet.tatla/.m2/repository/info/cukes/cucumber-java/1.2.5/cucumber-java-1.2.5.jar:"/>
    <property name="sun.cpu.endian" value="little"/>
    <property name="user.home" value="/Users/harpreet.tatla"/>
    <property name="user.language" value="en"/>
    <property name="java.specification.vendor" value="Oracle Corporation"/>
    <property name="java.home" value="/Library/Java/JavaVirtualMachines/jdk1.8.0_112.jdk/Contents/Home/jre"/>
    <property name="basedir" value="/Users/harpreet.tatla/Documents/Test_AutomationTest/AutomationTest"/>
    <property name="file.separator" value="/"/>
    <property name="line.separator" value="&#10;"/>
    <property name="java.vm.specification.vendor" value="Oracle Corporation"/>
    <property name="java.specification.name" value="Java Platform API Specification"/>
    <property name="java.awt.graphicsenv" value="sun.awt.CGraphicsEnvironment"/>
    <property name="surefire.real.class.path" value="/Users/harpreet.tatla/Documents/Test_AutomationTest/AutomationTest/target/surefire/surefirebooter7018862832812105031.jar"/>
    <property name="sun.boot.class.path" value="/Library/Java/JavaVirtualMachines/jdk1.8.0_112.jdk/Contents/Home/jre/lib/resources.jar:/Library/Java/JavaVirtualMachines/jdk1.8.0_112.jdk/Contents/Home/jre/lib/rt.jar:/Library/Java/JavaVirtualMachines/jdk1.8.0_112.jdk/Contents/Home/jre/lib/sunrsasign.jar:/Library/Java/JavaVirtualMachines/jdk1.8.0_112.jdk/Contents/Home/jre/lib/jsse.jar:/Library/Java/JavaVirtualMachines/jdk1.8.0_112.jdk/Contents/Home/jre/lib/jce.jar:/Library/Java/JavaVirtualMachines/jdk1.8.0_112.jdk/Contents/Home/jre/lib/charsets.jar:/Library/Java/JavaVirtualMachines/jdk1.8.0_112.jdk/Contents/Home/jre/lib/jfr.jar:/Library/Java/JavaVirtualMachines/jdk1.8.0_112.jdk/Contents/Home/jre/classes"/>
    <property name="sun.management.compiler" value="HotSpot 64-Bit Tiered Compilers"/>
    <property name="ftp.nonProxyHosts" value="local|*.local|169.254/16|*.169.254/16"/>
    <property name="java.runtime.version" value="1.8.0_112-b16"/>
    <property name="user.name" value="harpreet.tatla"/>
    <property name="path.separator" value=":"/>
    <property name="os.version" value="10.13.5"/>
    <property name="java.endorsed.dirs" value="/Library/Java/JavaVirtualMachines/jdk1.8.0_112.jdk/Contents/Home/jre/lib/endorsed"/>
    <property name="java.runtime.name" value="Java(TM) SE Runtime Environment"/>
    <property name="file.encoding" value="UTF-8"/>
    <property name="java.vm.name" value="Java HotSpot(TM) 64-Bit Server VM"/>
    <property name="localRepository" value="/Users/harpreet.tatla/.m2/repository"/>
    <property name="java.vendor.url.bug" value="http://bugreport.sun.com/bugreport/"/>
    <property name="java.io.tmpdir" value="/var/folders/70/rdb94wms0tl_t1dt12kd6fqw0000gq/T/"/>
    <property name="java.version" value="1.8.0_112"/>
    <property name="user.dir" value="/Users/harpreet.tatla/Documents/Test_AutomationTest/AutomationTest"/>
    <property name="os.arch" value="x86_64"/>
    <property name="java.vm.specification.name" value="Java Virtual Machine Specification"/>
    <property name="java.awt.printerjob" value="sun.lwawt.macosx.CPrinterJob"/>
    <property name="sun.os.patch.level" value="unknown"/>
    <property name="java.library.path" value="/Users/harpreet.tatla/Library/Java/Extensions:/Library/Java/Extensions:/Network/Library/Java/Extensions:/System/Library/Java/Extensions:/usr/lib/java:."/>
    <property name="java.vm.info" value="mixed mode"/>
    <property name="java.vendor" value="Oracle Corporation"/>
    <property name="java.vm.version" value="25.112-b16"/>
    <property name="java.ext.dirs" value="/Users/harpreet.tatla/Library/Java/Extensions:/Library/Java/JavaVirtualMachines/jdk1.8.0_112.jdk/Contents/Home/jre/lib/ext:/Library/Java/Extensions:/Network/Library/Java/Extensions:/System/Library/Java/Extensions:/usr/lib/java"/>
    <property name="sun.io.unicode.encoding" value="UnicodeBig"/>
    <property name="java.class.version" value="52.0"/>
    <property name="socksNonProxyHosts" value="local|*.local|169.254/16|*.169.254/16"/>
  </properties>
  <testcase name="Given I have launched the app and Home page title is displayed" classname="Scenario: Check if all the three categories of cheese are displayed" time="0.001"/>
  <testcase name="Then Validate all the three categories of cheese are displayed" classname="Scenario: Check if all the three categories of cheese are displayed" time="0"/>
  <testcase name="Scenario: Check if all the three categories of cheese are displayed" classname="Scenario: Check if all the three categories of cheese are displayed" time="2.997"/>
  <testcase name="Given I have launched the app and Home page title is displayed" classname="| CATEGORY 1 | CATEGORY 2 | CATEGORY 3 |" time="0"/>
  <testcase name="Then Validate all the three categories of cheese &quot;CATEGORY 1&quot; &quot;CATEGORY 2&quot; &quot;CATEGORY 3&quot; are displayed" classname="| CATEGORY 1 | CATEGORY 2 | CATEGORY 3 |" time="0"/>
  <testcase name="| CATEGORY 1 | CATEGORY 2 | CATEGORY 3 |" classname="| CATEGORY 1 | CATEGORY 2 | CATEGORY 3 |" time="2.952"/>
  <testcase name="Given I have launched the app and Home page title is displayed" classname="Scenario: Check if all the three sections are displayed for the selected cheese" time="0.001"/>
  <testcase name="Then Select a cheese" classname="Scenario: Check if all the three sections are displayed for the selected cheese" time="0"/>
  <testcase name="Then Validate Info Section is displayed" classname="Scenario: Check if all the three sections are displayed for the selected cheese" time="0"/>
  <testcase name="Then Validate Friends Section is displayed" classname="Scenario: Check if all the three sections are displayed for the selected cheese" time="0"/>
  <testcase name="Then Validate Related Section is displayed" classname="Scenario: Check if all the three sections are displayed for the selected cheese" time="0"/>
  <testcase name="Scenario: Check if all the three sections are displayed for the selected cheese" classname="Scenario: Check if all the three sections are displayed for the selected cheese" time="2.91"/>
  <testcase name="Given I have launched the app and Home page title is displayed(| Night " classname="always) |" time="0"/>
  <testcase name="Then Click the Ellipsis on top right of the app and select night mode(| Night " classname="always) |" time="0"/>
  <testcase name="Then Change the mode to &quot;Night (always)&quot;(| Night " classname="always) |" time="0"/>
  <testcase name="| Night " classname="| Night (always) |" time="3.207"/>
</testsuite>